[Tue Apr 28 20:05:46.648060 2015] [:error] [pid 4394] [client ::1:58167] PHP Notice:  Undefined index: okhubview_widget_apply_filters in /Users/ryacat/Sites/wordpress/wp-content/plugins/okhubplugins/okhubview.includes/okhubview.widget.inc on line 91, referer: http://localhost/wordpress/wp-admin/widgets.php
[Tue Apr 28 20:05:46.648195 2015] [:error] [pid 4394] [client ::1:58167] PHP Notice:  Undefined index: okhubview_widget_show_errors in /Users/ryacat/Sites/wordpress/wp-content/plugins/okhubplugins/okhubview.includes/okhubview.widget.inc on line 92, referer: http://localhost/wordpress/wp-admin/widgets.php
[Tue Apr 28 20:05:53.465334 2015] [:error] [pid 4398] [client ::1:58181] PHP Notice:  Undefined index: okhubview_widget_apply_filters in /Users/ryacat/Sites/wordpress/wp-content/plugins/okhubplugins/okhubview.includes/okhubview.widget.inc on line 91, referer: http://localhost/wordpress/wp-admin/widgets.php
[Tue Apr 28 20:05:53.465499 2015] [:error] [pid 4398] [client ::1:58181] PHP Notice:  Undefined index: okhubview_widget_show_errors in /Users/ryacat/Sites/wordpress/wp-content/plugins/okhubplugins/okhubview.includes/okhubview.widget.inc on line 92, referer: http://localhost/wordpress/wp-admin/widgets.php
[Tue Apr 28 20:05:58.907068 2015] [:error] [pid 4398] [client ::1:58181] PHP Notice:  Undefined variable: offset in /Users/ryacat/Sites/wordpress/wp-content/plugins/okhubplugins/okhubview.includes/okhubview.widget.inc on line 207, referer: http://localhost/wordpress/wp-admin/widgets.php
[Tue Apr 28 20:05:59.260736 2015] [:error] [pid 4392] [client ::1:58189] PHP Notice:  Undefined variable: offset in /Users/ryacat/Sites/wordpress/wp-content/plugins/okhubplugins/okhubview.includes/okhubview.widget.inc on line 207, referer: http://localhost/wordpress/wp-admin/widgets.php
[Tue Apr 28 20:06:17.486640 2015] [:error] [pid 4394] [client ::1:58208] PHP Notice:  Undefined variable: offset in /Users/ryacat/Sites/wordpress/wp-content/plugins/okhubplugins/okhubview.includes/okhubview.widget.inc on line 207, referer: http://localhost/wordpress/wp-admin/widgets.php
[Tue Apr 28 20:07:18.459050 2015] [:error] [pid 4353] [client ::1:58138] PHP Notice:  Undefined index: results in /Users/ryacat/Sites/wordpress/wp-content/plugins/okhubplugins_common/okhubplugins.html.inc on line 307, referer: http://localhost/wordpress/wp-admin/admin.php?page=okhubview_menu
[Tue Apr 28 20:07:18.459220 2015] [:error] [pid 4353] [client ::1:58138] PHP Warning:  Invalid argument supplied for foreach() in /Users/ryacat/Sites/wordpress/wp-content/plugins/okhubplugins_common/okhubplugins.html.inc on line 403, referer: http://localhost/wordpress/wp-admin/admin.php?page=okhubview_menu
[Tue Apr 28 20:07:49.088717 2015] [:error] [pid 4353] [client ::1:58138] PHP Notice:  Undefined property: OkhubApiObjectCategory::$title in /Users/ryacat/Sites/wordpress/wp-content/plugins/okhubwrapper/okhubwrapper.response.inc on line 131, referer: http://localhost/wordpress/wp-admin/admin.php?page=okhubview_menu
[Tue Apr 28 20:09:22.520108 2015] [:error] [pid 4407] [client ::1:58361] PHP Notice:  Undefined index: results in /Users/ryacat/Sites/wordpress/wp-content/plugins/okhubplugins_common/okhubplugins.html.inc on line 307, referer: http://localhost/wordpress/wp-admin/admin.php?page=okhubview_menu
[Tue Apr 28 20:09:22.520295 2015] [:error] [pid 4407] [client ::1:58361] PHP Warning:  Invalid argument supplied for foreach() in /Users/ryacat/Sites/wordpress/wp-content/plugins/okhubplugins_common/okhubplugins.html.inc on line 403, referer: http://localhost/wordpress/wp-admin/admin.php?page=okhubview_menu
[Tue Apr 28 20:09:50.373404 2015] [:error] [pid 4406] [client ::1:58341] PHP Notice:  Undefined index: results in /Users/ryacat/Sites/wordpress/wp-content/plugins/okhubplugins_common/okhubplugins.html.inc on line 307, referer: http://localhost/wordpress/wp-admin/admin.php?page=okhubview_menu
[Tue Apr 28 20:09:50.373564 2015] [:error] [pid 4406] [client ::1:58341] PHP Warning:  Invalid argument supplied for foreach() in /Users/ryacat/Sites/wordpress/wp-content/plugins/okhubplugins_common/okhubplugins.html.inc on line 403, referer: http://localhost/wordpress/wp-admin/admin.php?page=okhubview_menu
[Tue Apr 28 20:09:57.067795 2015] [:error] [pid 4407] [client ::1:58361] PHP Notice:  Undefined index: results in /Users/ryacat/Sites/wordpress/wp-content/plugins/okhubplugins_common/okhubplugins.html.inc on line 307, referer: http://localhost/wordpress/wp-admin/admin.php?page=okhubview_menu
[Tue Apr 28 20:09:57.067949 2015] [:error] [pid 4407] [client ::1:58361] PHP Warning:  Invalid argument supplied for foreach() in /Users/ryacat/Sites/wordpress/wp-content/plugins/okhubplugins_common/okhubplugins.html.inc on line 403, referer: http://localhost/wordpress/wp-admin/admin.php?page=okhubview_menu
[Tue Apr 28 20:10:34.173738 2015] [:error] [pid 4406] [client ::1:58341] PHP Notice:  Undefined index: results in /Users/ryacat/Sites/wordpress/wp-content/plugins/okhubplugins_common/okhubplugins.html.inc on line 307, referer: http://localhost/wordpress/wp-admin/admin.php?page=okhubview_menu
[Tue Apr 28 20:10:34.173882 2015] [:error] [pid 4406] [client ::1:58341] PHP Warning:  Invalid argument supplied for foreach() in /Users/ryacat/Sites/wordpress/wp-content/plugins/okhubplugins_common/okhubplugins.html.inc on line 403, referer: http://localhost/wordpress/wp-admin/admin.php?page=okhubview_menu
[Tue Apr 28 20:10:42.292678 2015] [:error] [pid 4407] [client ::1:58361] PHP Notice:  Undefined index: results in /Users/ryacat/Sites/wordpress/wp-content/plugins/okhubplugins_common/okhubplugins.html.inc on line 307, referer: http://localhost/wordpress/wp-admin/admin.php?page=okhubview_menu
[Tue Apr 28 20:10:42.292830 2015] [:error] [pid 4407] [client ::1:58361] PHP Warning:  Invalid argument supplied for foreach() in /Users/ryacat/Sites/wordpress/wp-content/plugins/okhubplugins_common/okhubplugins.html.inc on line 403, referer: http://localhost/wordpress/wp-admin/admin.php?page=okhubview_menu
[Tue Apr 28 20:10:48.462652 2015] [:error] [pid 4436] [client ::1:58288] PHP Notice:  Undefined index: results in /Users/ryacat/Sites/wordpress/wp-content/plugins/okhubplugins_common/okhubplugins.html.inc on line 307, referer: http://localhost/wordpress/wp-admin/admin.php?page=okhubview_menu
[Tue Apr 28 20:10:48.462837 2015] [:error] [pid 4436] [client ::1:58288] PHP Warning:  Invalid argument supplied for foreach() in /Users/ryacat/Sites/wordpress/wp-content/plugins/okhubplugins_common/okhubplugins.html.inc on line 403, referer: http://localhost/wordpress/wp-admin/admin.php?page=okhubview_menu
[Tue Apr 28 20:10:51.311490 2015] [:error] [pid 4407] [client ::1:58361] PHP Warning:  Missing argument 1 for _e(), called in /Users/ryacat/Sites/wordpress/wp-content/plugins/okhubplugins/okhubview.includes/okhubview.admin.inc on line 71 and defined in /Users/ryacat/Sites/wordpress/wp-includes/l10n.php on line 203, referer: http://localhost/wordpress/wp-admin/admin.php?page=okhubview_menu
[Tue Apr 28 20:10:51.311611 2015] [:error] [pid 4407] [client ::1:58361] PHP Notice:  Undefined variable: text in /Users/ryacat/Sites/wordpress/wp-includes/l10n.php on line 204, referer: http://localhost/wordpress/wp-admin/admin.php?page=okhubview_menu
[Tue Apr 28 20:10:51.311642 2015] [:error] [pid 4407] [client ::1:58361] PHP Warning:  Missing argument 1 for _e(), called in /Users/ryacat/Sites/wordpress/wp-content/plugins/okhubplugins/okhubview.includes/okhubview.admin.inc on line 73 and defined in /Users/ryacat/Sites/wordpress/wp-includes/l10n.php on line 203, referer: http://localhost/wordpress/wp-admin/admin.php?page=okhubview_menu
[Tue Apr 28 20:10:51.311685 2015] [:error] [pid 4407] [client ::1:58361] PHP Notice:  Undefined variable: text in /Users/ryacat/Sites/wordpress/wp-includes/l10n.php on line 204, referer: http://localhost/wordpress/wp-admin/admin.php?page=okhubview_menu
[Tue Apr 28 20:10:51.768422 2015] [:error] [pid 4407] [client ::1:58361] PHP Notice:  Use of undefined constant IDS_VIEW_DEFAULT_LANGUAGE - assumed 'IDS_VIEW_DEFAULT_LANGUAGE' in /Users/ryacat/Sites/wordpress/wp-content/plugins/okhubplugins/okhubview.includes/okhubview.admin.inc on line 123, referer: http://localhost/wordpress/wp-admin/admin.php?page=okhubview_menu
[Tue Apr 28 20:10:51.768675 2015] [:error] [pid 4407] [client ::1:58361] PHP Notice:  Use of undefined constant IDS_API_AGE_NEW_ASSETS - assumed 'IDS_API_AGE_NEW_ASSETS' in /Users/ryacat/Sites/wordpress/wp-content/plugins/okhubplugins/okhubview.includes/okhubview.admin.inc on line 219, referer: http://localhost/wordpress/wp-admin/admin.php?page=okhubview_menu
[Tue Apr 28 20:11:14.703805 2015] [:error] [pid 4436] [client ::1:58288] PHP Notice:  Undefined index: results in /Users/ryacat/Sites/wordpress/wp-content/plugins/okhubplugins_common/okhubplugins.html.inc on line 307, referer: http://localhost/wordpress/wp-admin/admin.php?page=okhubview_menu
[Tue Apr 28 20:11:14.703973 2015] [:error] [pid 4436] [client ::1:58288] PHP Warning:  Invalid argument supplied for foreach() in /Users/ryacat/Sites/wordpress/wp-content/plugins/okhubplugins_common/okhubplugins.html.inc on line 403, referer: http://localhost/wordpress/wp-admin/admin.php?page=okhubview_menu
[Tue Apr 28 20:11:53.125565 2015] [:error] [pid 4436] [client ::1:58288] PHP Notice:  Undefined index: results in /Users/ryacat/Sites/wordpress/wp-content/plugins/okhubplugins_common/okhubplugins.html.inc on line 307, referer: http://localhost/wordpress/wp-admin/admin.php?page=okhubview_menu
[Tue Apr 28 20:11:53.125705 2015] [:error] [pid 4436] [client ::1:58288] PHP Warning:  Invalid argument supplied for foreach() in /Users/ryacat/Sites/wordpress/wp-content/plugins/okhubplugins_common/okhubplugins.html.inc on line 403, referer: http://localhost/wordpress/wp-admin/admin.php?page=okhubview_menu
[Tue Apr 28 20:13:30.127371 2015] [:error] [pid 4472] [client ::1:58514] PHP Notice:  Undefined index: results in /Users/ryacat/Sites/wordpress/wp-content/plugins/okhubplugins_common/okhubplugins.html.inc on line 307, referer: http://localhost/wordpress/wp-admin/options-general.php?page=okhubview
[Tue Apr 28 20:13:30.127539 2015] [:error] [pid 4472] [client ::1:58514] PHP Warning:  Invalid argument supplied for foreach() in /Users/ryacat/Sites/wordpress/wp-content/plugins/okhubplugins_common/okhubplugins.html.inc on line 403, referer: http://localhost/wordpress/wp-admin/options-general.php?page=okhubview
^C
Ronalds-Mac-mini:apache2 ryacat$ tail -f error_log 
[Tue Apr 28 20:10:51.311642 2015] [:error] [pid 4407] [client ::1:58361] PHP Warning:  Missing argument 1 for _e(), called in /Users/ryacat/Sites/wordpress/wp-content/plugins/okhubplugins/okhubview.includes/okhubview.admin.inc on line 73 and defined in /Users/ryacat/Sites/wordpress/wp-includes/l10n.php on line 203, referer: http://localhost/wordpress/wp-admin/admin.php?page=okhubview_menu
[Tue Apr 28 20:10:51.311685 2015] [:error] [pid 4407] [client ::1:58361] PHP Notice:  Undefined variable: text in /Users/ryacat/Sites/wordpress/wp-includes/l10n.php on line 204, referer: http://localhost/wordpress/wp-admin/admin.php?page=okhubview_menu
[Tue Apr 28 20:10:51.768422 2015] [:error] [pid 4407] [client ::1:58361] PHP Notice:  Use of undefined constant IDS_VIEW_DEFAULT_LANGUAGE - assumed 'IDS_VIEW_DEFAULT_LANGUAGE' in /Users/ryacat/Sites/wordpress/wp-content/plugins/okhubplugins/okhubview.includes/okhubview.admin.inc on line 123, referer: http://localhost/wordpress/wp-admin/admin.php?page=okhubview_menu
[Tue Apr 28 20:10:51.768675 2015] [:error] [pid 4407] [client ::1:58361] PHP Notice:  Use of undefined constant IDS_API_AGE_NEW_ASSETS - assumed 'IDS_API_AGE_NEW_ASSETS' in /Users/ryacat/Sites/wordpress/wp-content/plugins/okhubplugins/okhubview.includes/okhubview.admin.inc on line 219, referer: http://localhost/wordpress/wp-admin/admin.php?page=okhubview_menu
[Tue Apr 28 20:11:14.703805 2015] [:error] [pid 4436] [client ::1:58288] PHP Notice:  Undefined index: results in /Users/ryacat/Sites/wordpress/wp-content/plugins/okhubplugins_common/okhubplugins.html.inc on line 307, referer: http://localhost/wordpress/wp-admin/admin.php?page=okhubview_menu
[Tue Apr 28 20:11:14.703973 2015] [:error] [pid 4436] [client ::1:58288] PHP Warning:  Invalid argument supplied for foreach() in /Users/ryacat/Sites/wordpress/wp-content/plugins/okhubplugins_common/okhubplugins.html.inc on line 403, referer: http://localhost/wordpress/wp-admin/admin.php?page=okhubview_menu
[Tue Apr 28 20:11:53.125565 2015] [:error] [pid 4436] [client ::1:58288] PHP Notice:  Undefined index: results in /Users/ryacat/Sites/wordpress/wp-content/plugins/okhubplugins_common/okhubplugins.html.inc on line 307, referer: http://localhost/wordpress/wp-admin/admin.php?page=okhubview_menu
[Tue Apr 28 20:11:53.125705 2015] [:error] [pid 4436] [client ::1:58288] PHP Warning:  Invalid argument supplied for foreach() in /Users/ryacat/Sites/wordpress/wp-content/plugins/okhubplugins_common/okhubplugins.html.inc on line 403, referer: http://localhost/wordpress/wp-admin/admin.php?page=okhubview_menu
[Tue Apr 28 20:13:30.127371 2015] [:error] [pid 4472] [client ::1:58514] PHP Notice:  Undefined index: results in /Users/ryacat/Sites/wordpress/wp-content/plugins/okhubplugins_common/okhubplugins.html.inc on line 307, referer: http://localhost/wordpress/wp-admin/options-general.php?page=okhubview
[Tue Apr 28 20:13:30.127539 2015] [:error] [pid 4472] [client ::1:58514] PHP Warning:  Invalid argument supplied for foreach() in /Users/ryacat/Sites/wordpress/wp-content/plugins/okhubplugins_common/okhubplugins.html.inc on line 403, referer: http://localhost/wordpress/wp-admin/options-general.php?page=okhubview
[Tue Apr 28 20:23:53.012512 2015] [:error] [pid 4405] [client ::1:59122] PHP Notice:  Undefined variable: offset in /Users/ryacat/Sites/wordpress/wp-content/plugins/okhubplugins/okhubview.includes/okhubview.widget.inc on line 207, referer: http://localhost/wordpress/wp-admin/admin.php?page=okhubview_menu
[Tue Apr 28 20:24:55.130641 2015] [:error] [pid 4392] [client ::1:59150] PHP Notice:  Undefined index: results in /Users/ryacat/Sites/wordpress/wp-content/plugins/okhubplugins_common/okhubplugins.html.inc on line 307, referer: http://localhost/wordpress/wp-admin/admin.php?page=okhubview_menu
[Tue Apr 28 20:24:55.130813 2015] [:error] [pid 4392] [client ::1:59150] PHP Warning:  Invalid argument supplied for foreach() in /Users/ryacat/Sites/wordpress/wp-content/plugins/okhubplugins_common/okhubplugins.html.inc on line 403, referer: http://localhost/wordpress/wp-admin/admin.php?page=okhubview_menu
[Tue Apr 28 20:24:57.863501 2015] [:error] [pid 4405] [client ::1:59122] PHP Warning:  Missing argument 2 for okhubview_assets(), called in /Users/ryacat/Sites/wordpress/wp-content/themes/twentyfifteen/okhubview_hub_documents.php on line 23 and defined in /Users/ryacat/Sites/wordpress/wp-content/plugins/okhubplugins/okhubview.php on line 461, referer: http://localhost/wordpress/wp-admin/admin.php?page=okhubview_menu
[Tue Apr 28 20:24:57.884547 2015] [:error] [pid 4405] [client ::1:59122] PHP Notice:  Undefined variable: type in /Users/ryacat/Sites/wordpress/wp-content/plugins/okhubplugins/okhubview.php on line 511, referer: http://localhost/wordpress/wp-admin/admin.php?page=okhubview_menu
[Tue Apr 28 20:24:59.549004 2015] [:error] [pid 4405] [client ::1:59122] PHP Fatal error:  Call to undefined function twentytwelve_content_nav() in /Users/ryacat/Sites/wordpress/wp-content/themes/twentyfifteen/okhubview_hub_documents.php on line 32, referer: http://localhost/wordpress/wp-admin/admin.php?page=okhubview_menu
[Tue Apr 28 20:25:20.469993 2015] [:error] [pid 4392] [client ::1:59150] PHP Notice:  Undefined index: results in /Users/ryacat/Sites/wordpress/wp-content/plugins/okhubplugins_common/okhubplugins.html.inc on line 307, referer: http://localhost/wordpress/wp-admin/admin.php?page=okhubview_menu
[Tue Apr 28 20:25:20.470140 2015] [:error] [pid 4392] [client ::1:59150] PHP Warning:  Invalid argument supplied for foreach() in /Users/ryacat/Sites/wordpress/wp-content/plugins/okhubplugins_common/okhubplugins.html.inc on line 403, referer: http://localhost/wordpress/wp-admin/admin.php?page=okhubview_menu
[Tue Apr 28 20:26:16.456553 2015] [:error] [pid 4392] [client ::1:59150] PHP Notice:  Undefined index: results in /Users/ryacat/Sites/wordpress/wp-content/plugins/okhubplugins_common/okhubplugins.html.inc on line 307, referer: http://localhost/wordpress/wp-admin/admin.php?page=okhubview_menu
[Tue Apr 28 20:26:16.456729 2015] [:error] [pid 4392] [client ::1:59150] PHP Warning:  Invalid argument supplied for foreach() in /Users/ryacat/Sites/wordpress/wp-content/plugins/okhubplugins_common/okhubplugins.html.inc on line 403, referer: http://localhost/wordpress/wp-admin/admin.php?page=okhubview_menu
[Tue Apr 28 20:26:19.099824 2015] [:error] [pid 4392] [client ::1:59150] PHP Warning:  Missing argument 1 for _e(), called in /Users/ryacat/Sites/wordpress/wp-content/plugins/okhubplugins/okhubview.includes/okhubview.admin.inc on line 71 and defined in /Users/ryacat/Sites/wordpress/wp-includes/l10n.php on line 203, referer: http://localhost/wordpress/wp-admin/admin.php?page=okhubview_menu
[Tue Apr 28 20:26:19.099932 2015] [:error] [pid 4392] [client ::1:59150] PHP Notice:  Undefined variable: text in /Users/ryacat/Sites/wordpress/wp-includes/l10n.php on line 204, referer: http://localhost/wordpress/wp-admin/admin.php?page=okhubview_menu
[Tue Apr 28 20:26:19.099959 2015] [:error] [pid 4392] [client ::1:59150] PHP Warning:  Missing argument 1 for _e(), called in /Users/ryacat/Sites/wordpress/wp-content/plugins/okhubplugins/okhubview.includes/okhubview.admin.inc on line 73 and defined in /Users/ryacat/Sites/wordpress/wp-includes/l10n.php on line 203, referer: http://localhost/wordpress/wp-admin/admin.php?page=okhubview_menu
[Tue Apr 28 20:26:19.099976 2015] [:error] [pid 4392] [client ::1:59150] PHP Notice:  Undefined variable: text in /Users/ryacat/Sites/wordpress/wp-includes/l10n.php on line 204, referer: http://localhost/wordpress/wp-admin/admin.php?page=okhubview_menu
[Tue Apr 28 20:26:19.225875 2015] [:error] [pid 4392] [client ::1:59150] PHP Notice:  Use of undefined constant IDS_VIEW_DEFAULT_LANGUAGE - assumed 'IDS_VIEW_DEFAULT_LANGUAGE' in /Users/ryacat/Sites/wordpress/wp-content/plugins/okhubplugins/okhubview.includes/okhubview.admin.inc on line 123, referer: http://localhost/wordpress/wp-admin/admin.php?page=okhubview_menu
[Tue Apr 28 20:26:19.226111 2015] [:error] [pid 4392] [client ::1:59150] PHP Notice:  Use of undefined constant IDS_API_AGE_NEW_ASSETS - assumed 'IDS_API_AGE_NEW_ASSETS' in /Users/ryacat/Sites/wordpress/wp-content/plugins/okhubplugins/okhubview.includes/okhubview.admin.inc on line 219, referer: http://localhost/wordpress/wp-admin/admin.php?page=okhubview_menu
^C
Ronalds-Mac-mini:apache2 ryacat$ tail -f error_log 
[Tue Apr 28 20:25:20.469993 2015] [:error] [pid 4392] [client ::1:59150] PHP Notice:  Undefined index: results in /Users/ryacat/Sites/wordpress/wp-content/plugins/okhubplugins_common/okhubplugins.html.inc on line 307, referer: http://localhost/wordpress/wp-admin/admin.php?page=okhubview_menu
[Tue Apr 28 20:25:20.470140 2015] [:error] [pid 4392] [client ::1:59150] PHP Warning:  Invalid argument supplied for foreach() in /Users/ryacat/Sites/wordpress/wp-content/plugins/okhubplugins_common/okhubplugins.html.inc on line 403, referer: http://localhost/wordpress/wp-admin/admin.php?page=okhubview_menu
[Tue Apr 28 20:26:16.456553 2015] [:error] [pid 4392] [client ::1:59150] PHP Notice:  Undefined index: results in /Users/ryacat/Sites/wordpress/wp-content/plugins/okhubplugins_common/okhubplugins.html.inc on line 307, referer: http://localhost/wordpress/wp-admin/admin.php?page=okhubview_menu
[Tue Apr 28 20:26:16.456729 2015] [:error] [pid 4392] [client ::1:59150] PHP Warning:  Invalid argument supplied for foreach() in /Users/ryacat/Sites/wordpress/wp-content/plugins/okhubplugins_common/okhubplugins.html.inc on line 403, referer: http://localhost/wordpress/wp-admin/admin.php?page=okhubview_menu
[Tue Apr 28 20:26:19.099824 2015] [:error] [pid 4392] [client ::1:59150] PHP Warning:  Missing argument 1 for _e(), called in /Users/ryacat/Sites/wordpress/wp-content/plugins/okhubplugins/okhubview.includes/okhubview.admin.inc on line 71 and defined in /Users/ryacat/Sites/wordpress/wp-includes/l10n.php on line 203, referer: http://localhost/wordpress/wp-admin/admin.php?page=okhubview_menu
[Tue Apr 28 20:26:19.099932 2015] [:error] [pid 4392] [client ::1:59150] PHP Notice:  Undefined variable: text in /Users/ryacat/Sites/wordpress/wp-includes/l10n.php on line 204, referer: http://localhost/wordpress/wp-admin/admin.php?page=okhubview_menu
[Tue Apr 28 20:26:19.099959 2015] [:error] [pid 4392] [client ::1:59150] PHP Warning:  Missing argument 1 for _e(), called in /Users/ryacat/Sites/wordpress/wp-content/plugins/okhubplugins/okhubview.includes/okhubview.admin.inc on line 73 and defined in /Users/ryacat/Sites/wordpress/wp-includes/l10n.php on line 203, referer: http://localhost/wordpress/wp-admin/admin.php?page=okhubview_menu
[Tue Apr 28 20:26:19.099976 2015] [:error] [pid 4392] [client ::1:59150] PHP Notice:  Undefined variable: text in /Users/ryacat/Sites/wordpress/wp-includes/l10n.php on line 204, referer: http://localhost/wordpress/wp-admin/admin.php?page=okhubview_menu
[Tue Apr 28 20:26:19.225875 2015] [:error] [pid 4392] [client ::1:59150] PHP Notice:  Use of undefined constant IDS_VIEW_DEFAULT_LANGUAGE - assumed 'IDS_VIEW_DEFAULT_LANGUAGE' in /Users/ryacat/Sites/wordpress/wp-content/plugins/okhubplugins/okhubview.includes/okhubview.admin.inc on line 123, referer: http://localhost/wordpress/wp-admin/admin.php?page=okhubview_menu
[Tue Apr 28 20:26:19.226111 2015] [:error] [pid 4392] [client ::1:59150] PHP Notice:  Use of undefined constant IDS_API_AGE_NEW_ASSETS - assumed 'IDS_API_AGE_NEW_ASSETS' in /Users/ryacat/Sites/wordpress/wp-content/plugins/okhubplugins/okhubview.includes/okhubview.admin.inc on line 219, referer: http://localhost/wordpress/wp-admin/admin.php?page=okhubview_menu
^C
Ronalds-Mac-mini:apache2 ryacat$ tail -f error_log 
[Tue Apr 28 20:25:20.469993 2015] [:error] [pid 4392] [client ::1:59150] PHP Notice:  Undefined index: results in /Users/ryacat/Sites/wordpress/wp-content/plugins/okhubplugins_common/okhubplugins.html.inc on line 307, referer: http://localhost/wordpress/wp-admin/admin.php?page=okhubview_menu
[Tue Apr 28 20:25:20.470140 2015] [:error] [pid 4392] [client ::1:59150] PHP Warning:  Invalid argument supplied for foreach() in /Users/ryacat/Sites/wordpress/wp-content/plugins/okhubplugins_common/okhubplugins.html.inc on line 403, referer: http://localhost/wordpress/wp-admin/admin.php?page=okhubview_menu
[Tue Apr 28 20:26:16.456553 2015] [:error] [pid 4392] [client ::1:59150] PHP Notice:  Undefined index: results in /Users/ryacat/Sites/wordpress/wp-content/plugins/okhubplugins_common/okhubplugins.html.inc on line 307, referer: http://localhost/wordpress/wp-admin/admin.php?page=okhubview_menu
[Tue Apr 28 20:26:16.456729 2015] [:error] [pid 4392] [client ::1:59150] PHP Warning:  Invalid argument supplied for foreach() in /Users/ryacat/Sites/wordpress/wp-content/plugins/okhubplugins_common/okhubplugins.html.inc on line 403, referer: http://localhost/wordpress/wp-admin/admin.php?page=okhubview_menu
[Tue Apr 28 20:26:19.099824 2015] [:error] [pid 4392] [client ::1:59150] PHP Warning:  Missing argument 1 for _e(), called in /Users/ryacat/Sites/wordpress/wp-content/plugins/okhubplugins/okhubview.includes/okhubview.admin.inc on line 71 and defined in /Users/ryacat/Sites/wordpress/wp-includes/l10n.php on line 203, referer: http://localhost/wordpress/wp-admin/admin.php?page=okhubview_menu
[Tue Apr 28 20:26:19.099932 2015] [:error] [pid 4392] [client ::1:59150] PHP Notice:  Undefined variable: text in /Users/ryacat/Sites/wordpress/wp-includes/l10n.php on line 204, referer: http://localhost/wordpress/wp-admin/admin.php?page=okhubview_menu
[Tue Apr 28 20:26:19.099959 2015] [:error] [pid 4392] [client ::1:59150] PHP Warning:  Missing argument 1 for _e(), called in /Users/ryacat/Sites/wordpress/wp-content/plugins/okhubplugins/okhubview.includes/okhubview.admin.inc on line 73 and defined in /Users/ryacat/Sites/wordpress/wp-includes/l10n.php on line 203, referer: http://localhost/wordpress/wp-admin/admin.php?page=okhubview_menu
[Tue Apr 28 20:26:19.099976 2015] [:error] [pid 4392] [client ::1:59150] PHP Notice:  Undefined variable: text in /Users/ryacat/Sites/wordpress/wp-includes/l10n.php on line 204, referer: http://localhost/wordpress/wp-admin/admin.php?page=okhubview_menu
[Tue Apr 28 20:26:19.225875 2015] [:error] [pid 4392] [client ::1:59150] PHP Notice:  Use of undefined constant IDS_VIEW_DEFAULT_LANGUAGE - assumed 'IDS_VIEW_DEFAULT_LANGUAGE' in /Users/ryacat/Sites/wordpress/wp-content/plugins/okhubplugins/okhubview.includes/okhubview.admin.inc on line 123, referer: http://localhost/wordpress/wp-admin/admin.php?page=okhubview_menu
[Tue Apr 28 20:26:19.226111 2015] [:error] [pid 4392] [client ::1:59150] PHP Notice:  Use of undefined constant IDS_API_AGE_NEW_ASSETS - assumed 'IDS_API_AGE_NEW_ASSETS' in /Users/ryacat/Sites/wordpress/wp-content/plugins/okhubplugins/okhubview.includes/okhubview.admin.inc on line 219, referer: http://localhost/wordpress/wp-admin/admin.php?page=okhubview_menu
[Tue Apr 28 21:17:07.361944 2015] [:error] [pid 5029] [client ::1:61192] PHP Notice:  Undefined index: results in /Users/ryacat/Sites/wordpress/wp-content/plugins/okhubplugins_common/okhubplugins.html.inc on line 307, referer: http://localhost/wordpress/wp-admin/admin.php?page=okhubimport_menu
[Tue Apr 28 21:17:07.362136 2015] [:error] [pid 5029] [client ::1:61192] PHP Warning:  Invalid argument supplied for foreach() in /Users/ryacat/Sites/wordpress/wp-content/plugins/okhubplugins_common/okhubplugins.html.inc on line 403, referer: http://localhost/wordpress/wp-admin/admin.php?page=okhubimport_menu